# JRE version: OpenJDK Runtime Environment (11.0.13) (build 11.0.13+0-b1751.21-8125866)
# Java VM: OpenJDK 64-Bit Server VM (11.0.13+0-b1751.21-8125866, mixed mode, tiered, compressed oops, g1 gc, windows-amd64)
Heap:
 garbage-first heap   total 254976K, used 183936K [0x0000000080000000, 0x0000000100000000)
  region size 1024K, 2 young (2048K), 2 survivors (2048K)
 Metaspace       used 112697K, capacity 115274K, committed 115408K, reserved 1148928K
  class space    used 14200K, capacity 15142K, committed 15232K, reserved 1048576K
GC Heap History (20 events):
Event: 8107.494 GC heap after
{Heap after GC invocations=106 (full 0):
 garbage-first heap   total 211968K, used 180283K [0x0000000080000000, 0x0000000100000000)
  region size 1024K, 1 young (1024K), 1 survivors (1024K)
 Metaspace       used 107419K, capacity 109960K, committed 110160K, reserved 1144832K
  class space    used 13544K, capacity 14502K, committed 14592K, reserved 1048576K
}
Event: 8107.593 GC heap before
{Heap before GC invocations=106 (full 0):
 garbage-first heap   total 211968K, used 189499K [0x0000000080000000, 0x0000000100000000)
  region size 1024K, 10 young (10240K), 1 survivors (1024K)
 Metaspace       used 107591K, capacity 110248K, committed 110416K, reserved 1144832K
  class space    used 13565K, capacity 14534K, committed 14592K, reserved 1048576K
}
Event: 8107.595 GC heap after
{Heap after GC invocations=107 (full 0):
 garbage-first heap   total 211968K, used 180604K [0x0000000080000000, 0x0000000100000000)
  region size 1024K, 2 young (2048K), 2 survivors (2048K)
 Metaspace       used 107591K, capacity 110248K, committed 110416K, reserved 1144832K
  class space    used 13565K, capacity 14534K, committed 14592K, reserved 1048576K
}
Event: 8107.803 GC heap before
{Heap before GC invocations=107 (full 0):
 garbage-first heap   total 211968K, used 188796K [0x0000000080000000, 0x0000000100000000)
  region size 1024K, 10 young (10240K), 2 survivors (2048K)
 Metaspace       used 107978K, capacity 110538K, committed 110672K, reserved 1144832K
  class space    used 13625K, capacity 14566K, committed 14592K, reserved 1048576K
}
Event: 8107.806 GC heap after
{Heap after GC invocations=108 (full 0):
 garbage-first heap   total 211968K, used 180969K [0x0000000080000000, 0x0000000100000000)
  region size 1024K, 1 young (1024K), 1 survivors (1024K)
 Metaspace       used 107978K, capacity 110538K, committed 110672K, reserved 1144832K
  class space    used 13625K, capacity 14566K, committed 14592K, reserved 1048576K
}
Event: 8107.996 GC heap before
{Heap before GC invocations=108 (full 0):
 garbage-first heap   total 211968K, used 189161K [0x0000000080000000, 0x0000000100000000)
  region size 1024K, 10 young (10240K), 1 survivors (1024K)
 Metaspace       used 108530K, capacity 111146K, committed 111312K, reserved 1146880K
  class space    used 13702K, capacity 14662K, committed 14720K, reserved 1048576K
}
Event: 8107.999 GC heap after
{Heap after GC invocations=109 (full 0):
 garbage-first heap   total 211968K, used 181025K [0x0000000080000000, 0x0000000100000000)
  region size 1024K, 2 young (2048K), 2 survivors (2048K)
 Metaspace       used 108530K, capacity 111146K, committed 111312K, reserved 1146880K
  class space    used 13702K, capacity 14662K, committed 14720K, reserved 1048576K
}
Event: 8108.253 GC heap before
{Heap before GC invocations=109 (full 0):
 garbage-first heap   total 211968K, used 189217K [0x0000000080000000, 0x0000000100000000)
  region size 1024K, 10 young (10240K), 2 survivors (2048K)
 Metaspace       used 109138K, capacity 111722K, committed 111952K, reserved 1146880K
  class space    used 13788K, capacity 14726K, committed 14848K, reserved 1048576K
}
Event: 8108.259 GC heap after
{Heap after GC invocations=110 (full 0):
 garbage-first heap   total 211968K, used 181133K [0x0000000080000000, 0x0000000100000000)
  region size 1024K, 2 young (2048K), 2 survivors (2048K)
 Metaspace       used 109138K, capacity 111722K, committed 111952K, reserved 1146880K
  class space    used 13788K, capacity 14726K, committed 14848K, reserved 1048576K
}
Event: 8108.492 GC heap before
{Heap before GC invocations=110 (full 0):
 garbage-first heap   total 211968K, used 189325K [0x0000000080000000, 0x0000000100000000)
  region size 1024K, 10 young (10240K), 2 survivors (2048K)
 Metaspace       used 109819K, capacity 112394K, committed 112464K, reserved 1146880K
  class space    used 13869K, capacity 14822K, committed 14848K, reserved 1048576K
}
Event: 8108.495 GC heap after
{Heap after GC invocations=111 (full 0):
 garbage-first heap   total 211968K, used 181195K [0x0000000080000000, 0x0000000100000000)
  region size 1024K, 1 young (1024K), 1 survivors (1024K)
 Metaspace       used 109819K, capacity 112394K, committed 112464K, reserved 1146880K
  class space    used 13869K, capacity 14822K, committed 14848K, reserved 1048576K
}
Event: 8108.806 GC heap before
{Heap before GC invocations=111 (full 0):
 garbage-first heap   total 211968K, used 189387K [0x0000000080000000, 0x0000000100000000)
  region size 1024K, 10 young (10240K), 1 survivors (1024K)
 Metaspace       used 110505K, capacity 113098K, committed 113360K, reserved 1148928K
  class space    used 13952K, capacity 14886K, committed 14976K, reserved 1048576K
}
Event: 8108.808 GC heap after
{Heap after GC invocations=112 (full 0):
 garbage-first heap   total 211968K, used 181553K [0x0000000080000000, 0x0000000100000000)
  region size 1024K, 2 young (2048K), 2 survivors (2048K)
 Metaspace       used 110505K, capacity 113098K, committed 113360K, reserved 1148928K
  class space    used 13952K, capacity 14886K, committed 14976K, reserved 1048576K
}
Event: 8108.968 GC heap before
{Heap before GC invocations=112 (full 0):
 garbage-first heap   total 211968K, used 189745K [0x0000000080000000, 0x0000000100000000)
  region size 1024K, 10 young (10240K), 2 survivors (2048K)
 Metaspace       used 111102K, capacity 113706K, committed 114000K, reserved 1148928K
  class space    used 14020K, capacity 14982K, committed 15104K, reserved 1048576K
}
Event: 8108.972 GC heap after
{Heap after GC invocations=113 (full 0):
 garbage-first heap   total 211968K, used 181808K [0x0000000080000000, 0x0000000100000000)
  region size 1024K, 2 young (2048K), 2 survivors (2048K)
 Metaspace       used 111102K, capacity 113706K, committed 114000K, reserved 1148928K
  class space    used 14020K, capacity 14982K, committed 15104K, reserved 1048576K
}
Event: 8109.160 GC heap before
{Heap before GC invocations=113 (full 0):
 garbage-first heap   total 211968K, used 190000K [0x0000000080000000, 0x0000000100000000)
  region size 1024K, 10 young (10240K), 2 survivors (2048K)
 Metaspace       used 111654K, capacity 114218K, committed 114512K, reserved 1148928K
  class space    used 14099K, capacity 15046K, committed 15104K, reserved 1048576K
}
Event: 8109.164 GC heap after
{Heap after GC invocations=114 (full 0):
 garbage-first heap   total 211968K, used 182276K [0x0000000080000000, 0x0000000100000000)
  region size 1024K, 2 young (2048K), 2 survivors (2048K)
 Metaspace       used 111654K, capacity 114218K, committed 114512K, reserved 1148928K
  class space    used 14099K, capacity 15046K, committed 15104K, reserved 1048576K
}
Event: 8109.429 GC heap before
{Heap before GC invocations=114 (full 0):
 garbage-first heap   total 211968K, used 190468K [0x0000000080000000, 0x0000000100000000)
  region size 1024K, 10 young (10240K), 2 survivors (2048K)
 Metaspace       used 112249K, capacity 114858K, committed 115152K, reserved 1148928K
  class space    used 14152K, capacity 15110K, committed 15232K, reserved 1048576K
}
Event: 8109.432 GC heap after
{Heap after GC invocations=115 (full 0):
 garbage-first heap   total 211968K, used 183011K [0x0000000080000000, 0x0000000100000000)
  region size 1024K, 2 young (2048K), 2 survivors (2048K)
 Metaspace       used 112249K, capacity 114858K, committed 115152K, reserved 1148928K
  class space    used 14152K, capacity 15110K, committed 15232K, reserved 1048576K
}
Event: 8109.576 GC heap before
{Heap before GC invocations=115 (full 0):
 garbage-first heap   total 211968K, used 191203K [0x0000000080000000, 0x0000000100000000)
  region size 1024K, 10 young (10240K), 2 survivors (2048K)
 Metaspace       used 112697K, capacity 115274K, committed 115408K, reserved 1148928K
  class space    used 14200K, capacity 15142K, committed 15232K, reserved 1048576K
}

