# JRE version: OpenJDK Runtime Environment (11.0.13) (build 11.0.13+0-b1751.21-8125866)
# Java VM: OpenJDK 64-Bit Server VM (11.0.13+0-b1751.21-8125866, mixed mode, tiered, compressed oops, g1 gc, windows-amd64)
Heap:
 garbage-first heap   total 172032K, used 117583K [0x0000000080000000, 0x0000000100000000)
  region size 1024K, 9 young (9216K), 3 survivors (3072K)
 Metaspace       used 67424K, capacity 69180K, committed 69376K, reserved 1110016K
  class space    used 8515K, capacity 9149K, committed 9216K, reserved 1048576K
GC Heap History (20 events):
Event: 19.656 GC heap before
{Heap before GC invocations=40 (full 0):
 garbage-first heap   total 143360K, used 93763K [0x0000000080000000, 0x0000000100000000)
  region size 1024K, 6 young (6144K), 2 survivors (2048K)
 Metaspace       used 51838K, capacity 53416K, committed 53504K, reserved 1095680K
  class space    used 6576K, capacity 7128K, committed 7168K, reserved 1048576K
}
Event: 19.659 GC heap after
{Heap after GC invocations=41 (full 0):
 garbage-first heap   total 143360K, used 93148K [0x0000000080000000, 0x0000000100000000)
  region size 1024K, 3 young (3072K), 3 survivors (3072K)
 Metaspace       used 51838K, capacity 53416K, committed 53504K, reserved 1095680K
  class space    used 6576K, capacity 7128K, committed 7168K, reserved 1048576K
}
Event: 20.212 GC heap before
{Heap before GC invocations=42 (full 0):
 garbage-first heap   total 143360K, used 115676K [0x0000000080000000, 0x0000000100000000)
  region size 1024K, 22 young (22528K), 3 survivors (3072K)
 Metaspace       used 54054K, capacity 55646K, committed 55936K, reserved 1097728K
  class space    used 6860K, capacity 7425K, committed 7552K, reserved 1048576K
}
Event: 20.215 GC heap after
{Heap after GC invocations=43 (full 0):
 garbage-first heap   total 143360K, used 98389K [0x0000000080000000, 0x0000000100000000)
  region size 1024K, 2 young (2048K), 2 survivors (2048K)
 Metaspace       used 54054K, capacity 55646K, committed 55936K, reserved 1097728K
  class space    used 6860K, capacity 7425K, committed 7552K, reserved 1048576K
}
Event: 20.536 GC heap before
{Heap before GC invocations=43 (full 0):
 garbage-first heap   total 143360K, used 107605K [0x0000000080000000, 0x0000000100000000)
  region size 1024K, 13 young (13312K), 2 survivors (2048K)
 Metaspace       used 55282K, capacity 56891K, committed 57088K, reserved 1099776K
  class space    used 7016K, capacity 7626K, committed 7680K, reserved 1048576K
}
Event: 20.541 GC heap after
{Heap after GC invocations=44 (full 0):
 garbage-first heap   total 143360K, used 100110K [0x0000000080000000, 0x0000000100000000)
  region size 1024K, 3 young (3072K), 3 survivors (3072K)
 Metaspace       used 55282K, capacity 56891K, committed 57088K, reserved 1099776K
  class space    used 7016K, capacity 7626K, committed 7680K, reserved 1048576K
}
Event: 20.687 GC heap before
{Heap before GC invocations=45 (full 0):
 garbage-first heap   total 143360K, used 107278K [0x0000000080000000, 0x0000000100000000)
  region size 1024K, 11 young (11264K), 3 survivors (3072K)
 Metaspace       used 55479K, capacity 57051K, committed 57088K, reserved 1099776K
  class space    used 7045K, capacity 7658K, committed 7680K, reserved 1048576K
}
Event: 20.693 GC heap after
{Heap after GC invocations=46 (full 0):
 garbage-first heap   total 143360K, used 100571K [0x0000000080000000, 0x0000000100000000)
  region size 1024K, 2 young (2048K), 2 survivors (2048K)
 Metaspace       used 55479K, capacity 57051K, committed 57088K, reserved 1099776K
  class space    used 7045K, capacity 7658K, committed 7680K, reserved 1048576K
}
Event: 21.375 GC heap before
{Heap before GC invocations=47 (full 0):
 garbage-first heap   total 143360K, used 120027K [0x0000000080000000, 0x0000000100000000)
  region size 1024K, 19 young (19456K), 2 survivors (2048K)
 Metaspace       used 57718K, capacity 59341K, committed 59392K, reserved 1101824K
  class space    used 7319K, capacity 7931K, committed 7936K, reserved 1048576K
}
Event: 21.379 GC heap after
{Heap after GC invocations=48 (full 0):
 garbage-first heap   total 172032K, used 104068K [0x0000000080000000, 0x0000000100000000)
  region size 1024K, 3 young (3072K), 3 survivors (3072K)
 Metaspace       used 57718K, capacity 59341K, committed 59392K, reserved 1101824K
  class space    used 7319K, capacity 7931K, committed 7936K, reserved 1048576K
}
Event: 22.582 GC heap before
{Heap before GC invocations=48 (full 0):
 garbage-first heap   total 172032K, used 134788K [0x0000000080000000, 0x0000000100000000)
  region size 1024K, 33 young (33792K), 3 survivors (3072K)
 Metaspace       used 61956K, capacity 63655K, committed 63872K, reserved 1103872K
  class space    used 7861K, capacity 8493K, committed 8576K, reserved 1048576K
}
Event: 22.589 GC heap after
{Heap after GC invocations=49 (full 0):
 garbage-first heap   total 172032K, used 106142K [0x0000000080000000, 0x0000000100000000)
  region size 1024K, 4 young (4096K), 4 survivors (4096K)
 Metaspace       used 61956K, capacity 63655K, committed 63872K, reserved 1103872K
  class space    used 7861K, capacity 8493K, committed 8576K, reserved 1048576K
}
Event: 22.916 GC heap before
{Heap before GC invocations=50 (full 0):
 garbage-first heap   total 172032K, used 109214K [0x0000000080000000, 0x0000000100000000)
  region size 1024K, 8 young (8192K), 4 survivors (4096K)
 Metaspace       used 63257K, capacity 64935K, committed 65024K, reserved 1105920K
  class space    used 7994K, capacity 8621K, committed 8704K, reserved 1048576K
}
Event: 22.925 GC heap after
{Heap after GC invocations=51 (full 0):
 garbage-first heap   total 172032K, used 107058K [0x0000000080000000, 0x0000000100000000)
  region size 1024K, 3 young (3072K), 3 survivors (3072K)
 Metaspace       used 63257K, capacity 64935K, committed 65024K, reserved 1105920K
  class space    used 7994K, capacity 8621K, committed 8704K, reserved 1048576K
}
Event: 23.112 GC heap before
{Heap before GC invocations=52 (full 0):
 garbage-first heap   total 172032K, used 125490K [0x0000000080000000, 0x0000000100000000)
  region size 1024K, 17 young (17408K), 3 survivors (3072K)
 Metaspace       used 63266K, capacity 64941K, committed 65024K, reserved 1105920K
  class space    used 7995K, capacity 8622K, committed 8704K, reserved 1048576K
}
Event: 23.119 GC heap after
{Heap after GC invocations=53 (full 0):
 garbage-first heap   total 172032K, used 113760K [0x0000000080000000, 0x0000000100000000)
  region size 1024K, 5 young (5120K), 5 survivors (5120K)
 Metaspace       used 63266K, capacity 64941K, committed 65024K, reserved 1105920K
  class space    used 7995K, capacity 8622K, committed 8704K, reserved 1048576K
}
Event: 24.377 GC heap before
{Heap before GC invocations=54 (full 0):
 garbage-first heap   total 172032K, used 141408K [0x0000000080000000, 0x0000000100000000)
  region size 1024K, 30 young (30720K), 5 survivors (5120K)
 Metaspace       used 65470K, capacity 67249K, committed 67328K, reserved 1107968K
  class space    used 8274K, capacity 8916K, committed 8960K, reserved 1048576K
}
Event: 24.382 GC heap after
{Heap after GC invocations=55 (full 0):
 garbage-first heap   total 172032K, used 110283K [0x0000000080000000, 0x0000000100000000)
  region size 1024K, 2 young (2048K), 2 survivors (2048K)
 Metaspace       used 65470K, capacity 67249K, committed 67328K, reserved 1107968K
  class space    used 8274K, capacity 8916K, committed 8960K, reserved 1048576K
}
Event: 24.960 GC heap before
{Heap before GC invocations=55 (full 0):
 garbage-first heap   total 172032K, used 131787K [0x0000000080000000, 0x0000000100000000)
  region size 1024K, 24 young (24576K), 2 survivors (2048K)
 Metaspace       used 66989K, capacity 68710K, committed 68736K, reserved 1110016K
  class space    used 8470K, capacity 9081K, committed 9088K, reserved 1048576K
}
Event: 24.964 GC heap after
{Heap after GC invocations=56 (full 0):
 garbage-first heap   total 172032K, used 111439K [0x0000000080000000, 0x0000000100000000)
  region size 1024K, 3 young (3072K), 3 survivors (3072K)
 Metaspace       used 66989K, capacity 68710K, committed 68736K, reserved 1110016K
  class space    used 8470K, capacity 9081K, committed 9088K, reserved 1048576K
}

