# JRE version: OpenJDK Runtime Environment (11.0.13) (build 11.0.13+0-b1751.21-8125866)
# Java VM: OpenJDK 64-Bit Server VM (11.0.13+0-b1751.21-8125866, mixed mode, tiered, compressed oops, g1 gc, windows-amd64)
Heap:
 garbage-first heap   total 98304K, used 52034K [0x0000000080000000, 0x0000000100000000)
  region size 1024K, 37 young (37888K), 4 survivors (4096K)
 Metaspace       used 28567K, capacity 29228K, committed 29308K, reserved 1075200K
  class space    used 3732K, capacity 3994K, committed 4044K, reserved 1048576K
GC Heap History (10 events):
Event: 1.513 GC heap before
{Heap before GC invocations=0 (full 0):
 garbage-first heap   total 98304K, used 29696K [0x0000000080000000, 0x0000000100000000)
  region size 1024K, 24 young (24576K), 0 survivors (0K)
 Metaspace       used 10182K, capacity 10393K, committed 10624K, reserved 1058816K
  class space    used 1046K, capacity 1108K, committed 1152K, reserved 1048576K
}
Event: 1.521 GC heap after
{Heap after GC invocations=1 (full 0):
 garbage-first heap   total 98304K, used 9765K [0x0000000080000000, 0x0000000100000000)
  region size 1024K, 3 young (3072K), 3 survivors (3072K)
 Metaspace       used 10182K, capacity 10393K, committed 10624K, reserved 1058816K
  class space    used 1046K, capacity 1108K, committed 1152K, reserved 1048576K
}
Event: 3.024 GC heap before
{Heap before GC invocations=1 (full 0):
 garbage-first heap   total 98304K, used 65061K [0x0000000080000000, 0x0000000100000000)
  region size 1024K, 57 young (58368K), 3 survivors (3072K)
 Metaspace       used 13201K, capacity 13529K, committed 13696K, reserved 1060864K
  class space    used 1431K, capacity 1559K, committed 1664K, reserved 1048576K
}
Event: 3.038 GC heap after
{Heap after GC invocations=2 (full 0):
 garbage-first heap   total 98304K, used 15248K [0x0000000080000000, 0x0000000100000000)
  region size 1024K, 8 young (8192K), 8 survivors (8192K)
 Metaspace       used 13201K, capacity 13529K, committed 13696K, reserved 1060864K
  class space    used 1431K, capacity 1559K, committed 1664K, reserved 1048576K
}
Event: 6.194 GC heap before
{Heap before GC invocations=2 (full 0):
 garbage-first heap   total 98304K, used 64400K [0x0000000080000000, 0x0000000100000000)
  region size 1024K, 56 young (57344K), 8 survivors (8192K)
 Metaspace       used 20770K, capacity 21082K, committed 21120K, reserved 1067008K
  class space    used 2517K, capacity 2650K, committed 2688K, reserved 1048576K
}
Event: 6.204 GC heap after
{Heap after GC invocations=3 (full 0):
 garbage-first heap   total 98304K, used 17749K [0x0000000080000000, 0x0000000100000000)
  region size 1024K, 3 young (3072K), 3 survivors (3072K)
 Metaspace       used 20770K, capacity 21082K, committed 21120K, reserved 1067008K
  class space    used 2517K, capacity 2650K, committed 2688K, reserved 1048576K
}
Event: 6.228 GC heap before
{Heap before GC invocations=3 (full 0):
 garbage-first heap   total 98304K, used 18773K [0x0000000080000000, 0x0000000100000000)
  region size 1024K, 5 young (5120K), 3 survivors (3072K)
 Metaspace       used 20859K, capacity 21196K, committed 21296K, reserved 1069056K
  class space    used 2533K, capacity 2688K, committed 2688K, reserved 1048576K
}
Event: 6.233 GC heap after
{Heap after GC invocations=4 (full 0):
 garbage-first heap   total 98304K, used 17710K [0x0000000080000000, 0x0000000100000000)
  region size 1024K, 3 young (3072K), 3 survivors (3072K)
 Metaspace       used 20859K, capacity 21196K, committed 21296K, reserved 1069056K
  class space    used 2533K, capacity 2688K, committed 2688K, reserved 1048576K
}
Event: 7.548 GC heap before
{Heap before GC invocations=5 (full 0):
 garbage-first heap   total 98304K, used 64814K [0x0000000080000000, 0x0000000100000000)
  region size 1024K, 49 young (50176K), 3 survivors (3072K)
 Metaspace       used 25618K, capacity 26165K, committed 26236K, reserved 1073152K
  class space    used 3298K, capacity 3520K, committed 3532K, reserved 1048576K
}
Event: 7.552 GC heap after
{Heap after GC invocations=6 (full 0):
 garbage-first heap   total 98304K, used 19266K [0x0000000080000000, 0x0000000100000000)
  region size 1024K, 4 young (4096K), 4 survivors (4096K)
 Metaspace       used 25618K, capacity 26165K, committed 26236K, reserved 1073152K
  class space    used 3298K, capacity 3520K, committed 3532K, reserved 1048576K
}

